<?xml version="1.0" encoding="UTF-8"?>
<!-- Generated by org.testng.reporters.JUnitReportReporter -->
<testsuite skipped="1" hostname="IBM763-PC0F1EA8" name="TestNG.Demo4" tests="2" failures="0" timestamp="05 Nov 2018 10:52:08 GMT" time="0.001" errors="0">
  <testcase name="MobileloginHomeloan" time="0.001" classname="TestNG.Demo4"/>
  <testcase name="WebloginHomeloan" classname="TestNG.Demo4">
    <skipped/>
  </testcase> <!-- WebloginHomeloan -->
</testsuite> <!-- TestNG.Demo4 -->
