<?xml version="1.0" encoding="UTF-8"?>
<!-- Generated by org.testng.reporters.JUnitReportReporter -->
<testsuite skipped="0" hostname="IBM763-PC0F1EA8" name="TestNG.parameter2" tests="1" failures="0" timestamp="05 Nov 2018 13:42:09 GMT" time="0.003" errors="0">
  <testcase name="parem" time="0.003" classname="TestNG.parameter2"/>
</testsuite> <!-- TestNG.parameter2 -->
