<?xml version="1.0" encoding="UTF-8"?>
<!-- Generated by org.testng.reporters.JUnitReportReporter -->
<testsuite skipped="0" hostname="IBM763-PC0F1EA8" name="TestNG.Demo3" tests="5" failures="0" timestamp="05 Nov 2018 08:43:23 GMT" time="0.019" errors="0">
  <testcase name="Mobilesignincarloan" time="0.001" classname="TestNG.Demo3"/>
  <testcase name="LoginAPI" time="0.009" classname="TestNG.Demo3"/>
  <testcase name="Mobiesignoutcarloan" time="0.002" classname="TestNG.Demo3"/>
  <testcase name="Weblogincarloan" time="0.002" classname="TestNG.Demo3"/>
  <testcase name="Mobilelogincarloan" time="0.005" classname="TestNG.Demo3"/>
</testsuite> <!-- TestNG.Demo3 -->
