<?xml version="1.0" encoding="UTF-8"?>
<!-- Generated by org.testng.reporters.JUnitReportReporter -->
<testsuite skipped="0" hostname="IBM763-PC0F1EA8" name="TestNG.parameter1" tests="4" failures="0" timestamp="05 Nov 2018 13:42:09 GMT" time="0.025" errors="0">
  <testcase name="para1" time="0.015" classname="TestNG.parameter1"/>
  <testcase name="para2" time="0.007" classname="TestNG.parameter1"/>
  <testcase name="para2" time="0.002" classname="TestNG.parameter1"/>
  <testcase name="para2" time="0.001" classname="TestNG.parameter1"/>
</testsuite> <!-- TestNG.parameter1 -->
